SPM (Spatial Population Model)
Call: spm -e -q -g 0 -o MPD.dat 
Date: Sun Aug 19 09:25:02 2018
v1.1-2018-05-31 (rev. 1291). Copyright (c) 2008-2018, NIWA
User name: Admin
Machine name: DELL9070 (Windows_NT, PID=8548)

[initialisation-phase1]
report.type: initialisation
initialisation.initialisation_phase: Phase1
years: 175
lambda: 1e-10
lambda_hat: 3.13799e-07 1.21673e-08 4.71776e-10 1.82927e-11
lambda_years: 100 125 150 175
row column category age[1] age[2] age[3] age[4] age[5] age[6] age[7] age[8] age[9] age[10] age[11] age[12] age[13] age[14] age[15] age[16] age[17] age[18] age[19] age[20] age[21] age[22] age[23] age[24] age[25] age[26] age[27] age[28] age[29] age[30] age[31] age[32] age[33] age[34] age[35]
1 1 immature 0 302151 265318 232974 204573 178317 154686 131582 106646 77684.1 46888.9 22447.3 8904.46 3174.64 1078.4 359.215 118.752 39.1456 12.8901 4.24278 1.39631 0 0 0 0 0 0 0 0 0 0 0 0 0 0
1 1 mature 0 0 0 0 0 1318.06 3051.02 6925.39 14977.5 29112.6 46888.9 59898.5 63403 60318.2 54674.4 48597 42869.5 37708.7 33133.3 29101.3 25556 22441.8 19706.1 17303.8 15194.4 13342.1 11715.7 10287.5 9033.39 7932.17 6965.21 6116.12 5370.53 4715.84 33968.9
*end

[state-1]
report.type: partition
year: 1994
time_step: step_one
row column category age[1] age[2] age[3] age[4] age[5] age[6] age[7] age[8] age[9] age[10] age[11] age[12] age[13] age[14] age[15] age[16] age[17] age[18] age[19] age[20] age[21] age[22] age[23] age[24] age[25] age[26] age[27] age[28] age[29] age[30] age[31] age[32] age[33] age[34] age[35]
1 1 immature 322443 283136 248620 218312 190293 165074 140419 113808 82901.3 50037.9 23954.9 9502.47 3387.85 1150.82 383.339 126.727 41.7746 13.7557 4.52773 1.49008 0 0 0 0 0 0 0 0 0 0 0 0 0 0 0
1 1 mature 0 0 0 0 1406.58 3255.93 7390.5 15983.4 31067.8 50037.9 63921.2 67661.1 64369.1 58346.3 51860.8 45748.6 40241.1 35358.5 31055.7 27272.3 23949 21029.5 18465.9 16214.8 14238.2 12502.5 10978.4 9640.06 8464.89 7432.98 6526.87 5731.21 5032.55 4419.06 31831.1
*end

[SSRUs]
report.type: layer_derived_view
year: 1994
time_step: step_one
area category age[1] age[2] age[3] age[4] age[5] age[6] age[7] age[8] age[9] age[10] age[11] age[12] age[13] age[14] age[15] age[16] age[17] age[18] age[19] age[20] age[21] age[22] age[23] age[24] age[25] age[26] age[27] age[28] age[29] age[30] age[31] age[32] age[33] age[34] age[35]
All immature 322443 283136 248620 218312 190293 165074 140419 113808 82901.3 50037.9 23954.9 9502.47 3387.85 1150.82 383.339 126.727 41.7746 13.7557 4.52773 1.49008 0 0 0 0 0 0 0 0 0 0 0 0 0 0 0
All mature 0 0 0 0 1406.58 3255.93 7390.5 15983.4 31067.8 50037.9 63921.2 67661.1 64369.1 58346.3 51860.8 45748.6 40241.1 35358.5 31055.7 27272.3 23949 21029.5 18465.9 16214.8 14238.2 12502.5 10978.4 9640.06 8464.89 7432.98 6526.87 5731.21 5032.55 4419.06 31831.1
*end

[Fishing_2005]
report.type: layer
layer: Fishing_2005
layer.type: numeric
year: 1994
time_step: step_one
115974
*end

[state-2]
report.type: partition
year: 1994
time_step: step_two
row column category age[1] age[2] age[3] age[4] age[5] age[6] age[7] age[8] age[9] age[10] age[11] age[12] age[13] age[14] age[15] age[16] age[17] age[18] age[19] age[20] age[21] age[22] age[23] age[24] age[25] age[26] age[27] age[28] age[29] age[30] age[31] age[32] age[33] age[34] age[35]
1 1 immature 0 302151 265318 232974 204573 178317 154686 131582 106646 77684.1 46888.9 22447.3 8904.46 3174.64 1078.4 359.215 118.752 39.1456 12.8901 4.24278 1.39631 0 0 0 0 0 0 0 0 0 0 0 0 0 0
1 1 mature 0 0 0 0 0 1318.06 3051.02 6925.39 14977.5 29112.6 46888.9 59898.5 63403 60318.2 54674.4 48597 42869.5 37708.7 33133.3 29101.3 25556 22441.8 19706.1 17303.8 15194.4 13342.1 11715.7 10287.5 9033.39 7932.17 6965.21 6116.12 5370.53 4715.84 33968.9
*end

[SSRUs]
report.type: layer_derived_view
year: 1995
time_step: step_one
area category age[1] age[2] age[3] age[4] age[5] age[6] age[7] age[8] age[9] age[10] age[11] age[12] age[13] age[14] age[15] age[16] age[17] age[18] age[19] age[20] age[21] age[22] age[23] age[24] age[25] age[26] age[27] age[28] age[29] age[30] age[31] age[32] age[33] age[34] age[35]
All immature 322443 283136 248620 218312 190293 165074 140419 113808 82901.3 50037.9 23954.9 9502.47 3387.85 1150.82 383.339 126.727 41.7746 13.7557 4.52773 1.49008 0 0 0 0 0 0 0 0 0 0 0 0 0 0 0
All mature 0 0 0 0 1406.58 3255.93 7390.5 15983.4 31067.8 50037.9 63921.2 67661.1 64369.1 58346.3 51860.8 45748.6 40241.1 35358.5 31055.7 27272.3 23949 21029.5 18465.9 16214.8 14238.2 12502.5 10978.4 9640.06 8464.89 7432.98 6526.87 5731.21 5032.55 4419.06 31831.1
*end

[state-2]
report.type: partition
year: 1995
time_step: step_two
row column category age[1] age[2] age[3] age[4] age[5] age[6] age[7] age[8] age[9] age[10] age[11] age[12] age[13] age[14] age[15] age[16] age[17] age[18] age[19] age[20] age[21] age[22] age[23] age[24] age[25] age[26] age[27] age[28] age[29] age[30] age[31] age[32] age[33] age[34] age[35]
1 1 immature 0 302151 265318 232974 204573 178317 154686 131582 106646 77684.1 46888.9 22447.3 8904.46 3174.64 1078.4 359.215 118.752 39.1456 12.8901 4.24278 1.39631 0 0 0 0 0 0 0 0 0 0 0 0 0 0
1 1 mature 0 0 0 0 0 1318.06 3051.02 6925.39 14977.5 29112.6 46888.9 59898.5 63403 60318.2 54674.4 48597 42869.5 37708.7 33133.3 29101.3 25556 22441.8 19706.1 17303.8 15194.4 13342.1 11715.7 10287.5 9033.39 7932.17 6965.21 6116.12 5370.53 4715.84 33968.9
*end

[SSRUs]
report.type: layer_derived_view
year: 1996
time_step: step_one
area category age[1] age[2] age[3] age[4] age[5] age[6] age[7] age[8] age[9] age[10] age[11] age[12] age[13] age[14] age[15] age[16] age[17] age[18] age[19] age[20] age[21] age[22] age[23] age[24] age[25] age[26] age[27] age[28] age[29] age[30] age[31] age[32] age[33] age[34] age[35]
All immature 322443 283136 248620 218312 190293 165074 140419 113808 82901.3 50037.9 23954.9 9502.47 3387.85 1150.82 383.339 126.727 41.7746 13.7557 4.52773 1.49008 0 0 0 0 0 0 0 0 0 0 0 0 0 0 0
All mature 0 0 0 0 1406.58 3255.93 7390.5 15983.4 31067.8 50037.9 63921.2 67661.1 64369.1 58346.3 51860.8 45748.6 40241.1 35358.5 31055.7 27272.3 23949 21029.5 18465.9 16214.8 14238.2 12502.5 10978.4 9640.06 8464.89 7432.98 6526.87 5731.21 5032.55 4419.06 31831.1
*end

[state-2]
report.type: partition
year: 1996
time_step: step_two
row column category age[1] age[2] age[3] age[4] age[5] age[6] age[7] age[8] age[9] age[10] age[11] age[12] age[13] age[14] age[15] age[16] age[17] age[18] age[19] age[20] age[21] age[22] age[23] age[24] age[25] age[26] age[27] age[28] age[29] age[30] age[31] age[32] age[33] age[34] age[35]
1 1 immature 0 302151 265318 232974 204573 178317 154686 131582 106646 77684.1 46888.9 22447.3 8904.46 3174.64 1078.4 359.215 118.752 39.1456 12.8901 4.24278 1.39631 0 0 0 0 0 0 0 0 0 0 0 0 0 0
1 1 mature 0 0 0 0 0 1318.06 3051.02 6925.39 14977.5 29112.6 46888.9 59898.5 63403 60318.2 54674.4 48597 42869.5 37708.7 33133.3 29101.3 25556 22441.8 19706.1 17303.8 15194.4 13342.1 11715.7 10287.5 9033.39 7932.17 6965.21 6116.12 5370.53 4715.84 33968.9
*end

[SSRUs]
report.type: layer_derived_view
year: 1997
time_step: step_one
area category age[1] age[2] age[3] age[4] age[5] age[6] age[7] age[8] age[9] age[10] age[11] age[12] age[13] age[14] age[15] age[16] age[17] age[18] age[19] age[20] age[21] age[22] age[23] age[24] age[25] age[26] age[27] age[28] age[29] age[30] age[31] age[32] age[33] age[34] age[35]
All immature 322443 283136 248620 218312 190293 165074 140419 113808 82901.3 50037.9 23954.9 9502.47 3387.85 1150.82 383.339 126.727 41.7746 13.7557 4.52773 1.49008 0 0 0 0 0 0 0 0 0 0 0 0 0 0 0
All mature 0 0 0 0 1406.58 3255.93 7390.5 15983.4 31067.8 50037.9 63921.2 67661.1 64369.1 58346.3 51860.8 45748.6 40241.1 35358.5 31055.7 27272.3 23949 21029.5 18465.9 16214.8 14238.2 12502.5 10978.4 9640.06 8464.89 7432.98 6526.87 5731.21 5032.55 4419.06 31831.1
*end

[state-2]
report.type: partition
year: 1997
time_step: step_two
row column category age[1] age[2] age[3] age[4] age[5] age[6] age[7] age[8] age[9] age[10] age[11] age[12] age[13] age[14] age[15] age[16] age[17] age[18] age[19] age[20] age[21] age[22] age[23] age[24] age[25] age[26] age[27] age[28] age[29] age[30] age[31] age[32] age[33] age[34] age[35]
1 1 immature 0 302151 265318 232974 204573 178317 154686 131582 106646 77684.1 46888.9 22447.3 8904.46 3174.64 1078.4 359.215 118.752 39.1456 12.8901 4.24278 1.39631 0 0 0 0 0 0 0 0 0 0 0 0 0 0
1 1 mature 0 0 0 0 0 1318.06 3051.02 6925.39 14977.5 29112.6 46888.9 59898.5 63403 60318.2 54674.4 48597 42869.5 37708.7 33133.3 29101.3 25556 22441.8 19706.1 17303.8 15194.4 13342.1 11715.7 10287.5 9033.39 7932.17 6965.21 6116.12 5370.53 4715.84 33968.9
*end

[SSRUs]
report.type: layer_derived_view
year: 1998
time_step: step_one
area category age[1] age[2] age[3] age[4] age[5] age[6] age[7] age[8] age[9] age[10] age[11] age[12] age[13] age[14] age[15] age[16] age[17] age[18] age[19] age[20] age[21] age[22] age[23] age[24] age[25] age[26] age[27] age[28] age[29] age[30] age[31] age[32] age[33] age[34] age[35]
All immature 322443 283135 248617 218306 190279 165046 140368 113727 82807.4 49962.7 23913.3 9484.9 3381.41 1148.61 382.598 126.482 41.6936 13.7291 4.51895 1.48719 0 0 0 0 0 0 0 0 0 0 0 0 0 0 0
All mature 0 0 0 0 1406.48 3255.37 7387.77 15972.1 31032.6 49962.7 63810.4 67536 64246.7 58234 51760.5 45660 40163.1 35289.9 30995.5 27219.4 23902.6 20988.7 18430.1 16183.4 14210.6 12478.2 10957.1 9621.37 8448.48 7418.57 6514.21 5720.1 5022.79 4410.49 31769.4
*end

[state-2]
report.type: partition
year: 1998
time_step: step_two
row column category age[1] age[2] age[3] age[4] age[5] age[6] age[7] age[8] age[9] age[10] age[11] age[12] age[13] age[14] age[15] age[16] age[17] age[18] age[19] age[20] age[21] age[22] age[23] age[24] age[25] age[26] age[27] age[28] age[29] age[30] age[31] age[32] age[33] age[34] age[35]
1 1 immature 0 302150 265316 232971 204567 178304 154659 131534 106570 77596.1 46818.4 22408.4 8887.99 3168.61 1076.32 358.52 118.522 39.0697 12.8651 4.23456 1.3936 0 0 0 0 0 0 0 0 0 0 0 0 0 0
1 1 mature 0 0 0 0 0 1317.97 3050.5 6922.84 14966.9 29079.6 46818.4 59794.7 63285.8 60203.5 54569.2 48503.1 42786.5 37635.6 33069 29044.8 25506.5 22398.3 19667.9 17270.3 15164.9 13316.3 11693 10267.5 9015.87 7916.79 6951.7 6104.26 5360.12 4706.7 33903
*end

[SSRUs]
report.type: layer_derived_view
year: 1999
time_step: step_one
area category age[1] age[2] age[3] age[4] age[5] age[6] age[7] age[8] age[9] age[10] age[11] age[12] age[13] age[14] age[15] age[16] age[17] age[18] age[19] age[20] age[21] age[22] age[23] age[24] age[25] age[26] age[27] age[28] age[29] age[30] age[31] age[32] age[33] age[34] age[35]
All immature 322387 283124 248595 218257 190178 164843 139991 113136 82108.6 49394 23594.6 9348.79 3331.29 1131.35 376.817 124.566 41.0616 13.5209 4.45041 1.46463 0 0 0 0 0 0 0 0 0 0 0 0 0 0 0
All mature 0 0 0 0 1405.74 3251.36 7367.93 15889.1 30770.7 49394 62960 66566.8 63294.5 57359.1 50978.5 44968.5 39554.3 34754.8 30525.3 26806.6 23540 20670.4 18150.6 15937.9 13995 12289 10790.9 9475.42 8320.32 7306.04 6415.4 5633.33 4946.6 4343.59 31287.5
*end

[state-2]
report.type: partition
year: 1999
time_step: step_two
row column category age[1] age[2] age[3] age[4] age[5] age[6] age[7] age[8] age[9] age[10] age[11] age[12] age[13] age[14] age[15] age[16] age[17] age[18] age[19] age[20] age[21] age[22] age[23] age[24] age[25] age[26] age[27] age[28] age[29] age[30] age[31] age[32] age[33] age[34] age[35]
1 1 immature 0 302099 265306 232950 204522 178209 154469 131181 106016 76941.3 46285.5 22109.8 8760.44 3121.64 1060.15 353.103 116.727 38.4775 12.67 4.17033 1.37246 0 0 0 0 0 0 0 0 0 0 0 0 0 0
1 1 mature 0 0 0 0 0 1317.27 3046.75 6904.25 14889.2 28834.2 46285.5 58997.7 62377.6 59311.2 53749.3 47770.3 42138.5 37065.1 32567.6 28604.3 25119.6 22058.6 19369.5 17008.3 14934.9 13114.3 11515.6 10111.8 8879.11 7796.71 6846.25 6011.66 5278.81 4635.3 33388.7
*end

[SSRUs]
report.type: layer_derived_view
year: 2000
time_step: step_one
area category age[1] age[2] age[3] age[4] age[5] age[6] age[7] age[8] age[9] age[10] age[11] age[12] age[13] age[14] age[15] age[16] age[17] age[18] age[19] age[20] age[21] age[22] age[23] age[24] age[25] age[26] age[27] age[28] age[29] age[30] age[31] age[32] age[33] age[34] age[35]
All immature 321982 283064 248561 218186 190028 164540 139420 112214 80962.9 48403.7 23010.4 9090.86 3234.66 1097.81 365.545 120.826 39.8266 13.114 4.31644 1.42054 0 0 0 0 0 0 0 0 0 0 0 0 0 0 0
All mature 0 0 0 0 1404.63 3245.38 7337.9 15759.6 30341.3 48403.7 61400.9 64730.3 61458.6 55658.8 49453.5 43618.2 38364.7 33708.9 29606.5 25999.6 22831.3 20048.1 17604.1 15458.1 13573.7 11919 10466 9190.14 8069.82 7086.07 6222.25 5463.73 4797.68 4212.82 30345.5
*end

[state-2]
report.type: partition
year: 2000
time_step: step_two
row column category age[1] age[2] age[3] age[4] age[5] age[6] age[7] age[8] age[9] age[10] age[11] age[12] age[13] age[14] age[15] age[16] age[17] age[18] age[19] age[20] age[21] age[22] age[23] age[24] age[25] age[26] age[27] age[28] age[29] age[30] age[31] age[32] age[33] age[34] age[35]
1 1 immature 0 301719 265250 232918 204455 178069 154185 130646 105152 75867.7 45357.5 21562.3 8518.75 3031.1 1028.73 342.54 113.222 37.3203 12.2887 4.0448 1.33114 0 0 0 0 0 0 0 0 0 0 0 0 0 0
1 1 mature 0 0 0 0 0 1316.23 3041.14 6876.1 14767.8 28431.9 45357.5 57536.8 60656.6 57590.9 52156.1 46341.2 40873.2 35950.3 31587.5 27743.3 24363.4 21394.5 18786.4 16496.2 14485.3 12719.4 11168.9 9807.34 8611.78 7561.97 6640.13 5830.67 5119.88 4495.75 32383.5
*end

[SSRUs]
report.type: layer_derived_view
year: 2001
time_step: step_one
area category age[1] age[2] age[3] age[4] age[5] age[6] age[7] age[8] age[9] age[10] age[11] age[12] age[13] age[14] age[15] age[16] age[17] age[18] age[19] age[20] age[21] age[22] age[23] age[24] age[25] age[26] age[27] age[28] age[29] age[30] age[31] age[32] age[33] age[34] age[35]
All immature 321178 282711 248515 218170 189993 164465 139264 111913 80483.4 47871.3 22627.3 8898.63 3157.43 1070.09 356.086 117.667 38.7811 12.7691 4.20285 1.38315 0 0 0 0 0 0 0 0 0 0 0 0 0 0 0
All mature 0 0 0 0 1404.37 3243.91 7329.69 15717.2 30161.7 47871.3 60378.7 63361.5 59991.1 54253.2 48173.8 42477.9 37357.6 32822.4 28827.3 25315.2 22230.2 19520.2 17140.6 15051.1 13216.3 11605.2 10190.4 8948.17 7857.35 6899.5 6058.42 5319.87 4671.36 4101.9 29546.5
*end

[state-2]
report.type: partition
year: 2001
time_step: step_two
row column category age[1] age[2] age[3] age[4] age[5] age[6] age[7] age[8] age[9] age[10] age[11] age[12] age[13] age[14] age[15] age[16] age[17] age[18] age[19] age[20] age[21] age[22] age[23] age[24] age[25] age[26] age[27] age[28] age[29] age[30] age[31] age[32] age[33] age[34] age[35]
1 1 immature 0 300966 264919 232875 204440 178037 154115 130500 104870 75418.4 44858.6 21203.3 8338.62 2958.72 1002.75 333.677 110.262 36.3405 11.9655 3.93835 1.2961 0 0 0 0 0 0 0 0 0 0 0 0 0 0
1 1 mature 0 0 0 0 0 1315.99 3039.76 6868.42 14728.1 28263.5 44858.6 56578.9 59374 56215.7 50838.9 45142.1 39804.7 35006.6 30756.8 27013.2 23722 20831.2 18291.8 16061.9 14103.9 12384.5 10874.8 9549.13 8385.04 7362.87 6465.3 5677.15 4985.08 4377.38 31530.8
*end

[SSRUs]
report.type: layer_derived_view
year: 2002
time_step: step_one
area category age[1] age[2] age[3] age[4] age[5] age[6] age[7] age[8] age[9] age[10] age[11] age[12] age[13] age[14] age[15] age[16] age[17] age[18] age[19] age[20] age[21] age[22] age[23] age[24] age[25] age[26] age[27] age[28] age[29] age[30] age[31] age[32] age[33] age[34] age[35]
All immature 320477 281986 248163 218039 189792 164059 138509 110717 79028.5 46609.1 21845.7 8527.86 3009.75 1016.87 337.853 111.565 36.759 12.1018 3.98302 1.31077 0 0 0 0 0 0 0 0 0 0 0 0 0 0 0
All mature 0 0 0 0 1402.89 3235.91 7289.95 15549.3 29616.4 46609.1 58293.1 60721.5 57185.3 51554.8 45707.1 40275 35409.7 31107.2 27319.5 23990.5 21066.9 18498.6 16243.5 14263.3 12524.6 10997.8 9657.08 8479.84 7446.11 6538.39 5741.33 5041.44 4426.86 3887.21 28000.1
*end

[state-2]
report.type: partition
year: 2002
time_step: step_two
row column category age[1] age[2] age[3] age[4] age[5] age[6] age[7] age[8] age[9] age[10] age[11] age[12] age[13] age[14] age[15] age[16] age[17] age[18] age[19] age[20] age[21] age[22] age[23] age[24] age[25] age[26] age[27] age[28] age[29] age[30] age[31] age[32] age[33] age[34] age[35]
1 1 immature 0 300309 264240 232545 204317 177848 153735 129792 103749 74055 43675.9 20470.9 7991.18 2820.34 952.873 316.591 104.544 34.4457 11.3402 3.73236 1.22828 0 0 0 0 0 0 0 0 0 0 0 0 0 0
1 1 mature 0 0 0 0 0 1314.6 3032.26 6831.18 14570.7 27752.6 43675.9 54624.6 56900.1 53586.5 48310.3 42830.6 37740.4 33181.3 29149.5 25600.2 22480.8 19741.1 17334.4 15221.3 13365.7 11736.4 10305.6 9049.34 7946.18 6977.51 6126.92 5380.02 4724.17 4148.27 29880.6
*end

[SSRUs]
report.type: layer_derived_view
year: 2003
time_step: step_one
area category age[1] age[2] age[3] age[4] age[5] age[6] age[7] age[8] age[9] age[10] age[11] age[12] age[13] age[14] age[15] age[16] age[17] age[18] age[19] age[20] age[21] age[22] age[23] age[24] age[25] age[26] age[27] age[28] age[29] age[30] age[31] age[32] age[33] age[34] age[35]
All immature 319030 281359 247502 217680 189574 163674 137778 109516 77492.7 45224.5 20977.2 8112.04 2840.61 954.429 316.096 104.216 34.3134 11.2933 3.71644 1.22298 0 0 0 0 0 0 0 0 0 0 0 0 0 0 0
All mature 0 0 0 0 1401.27 3228.31 7251.48 15380.6 29040.9 45224.5 55975.5 57760.7 53971.6 48389.2 42763.7 37622 33053.8 29028.8 25491 22383.7 19655.4 17259.1 15155.1 13307.5 11685.3 10260.8 9009.95 7911.6 6947.14 6100.25 5356.6 4703.61 4130.22 3626.72 26123.8
*end

[state-2]
report.type: partition
year: 2003
time_step: step_two
row column category age[1] age[2] age[3] age[4] age[5] age[6] age[7] age[8] age[9] age[10] age[11] age[12] age[13] age[14] age[15] age[16] age[17] age[18] age[19] age[20] age[21] age[22] age[23] age[24] age[25] age[26] age[27] age[28] age[29] age[30] age[31] age[32] age[33] age[34] age[35]
1 1 immature 0 298953 263652 231926 203981 177643 153374 129107 102623 72615.9 42378.4 19657 7601.53 2661.84 894.364 296.203 97.6574 32.1539 10.5826 3.48255 1.14602 0 0 0 0 0 0 0 0 0 0 0 0 0 0
1 1 mature 0 0 0 0 0 1313.08 3025.14 6795.13 14412.7 27213.3 42378.4 52452.8 54125.7 50575 45343.9 40072.5 35254.3 30973.7 27202 23886.8 20975.1 18418.5 16172.9 14201.3 12470.1 10949.9 9615.06 8442.93 7413.7 6509.94 5716.35 5019.5 4407.6 3870.29 27878.2
*end

[SSRUs]
report.type: layer_derived_view
year: 2004
time_step: step_one
area category age[1] age[2] age[3] age[4] age[5] age[6] age[7] age[8] age[9] age[10] age[11] age[12] age[13] age[14] age[15] age[16] age[17] age[18] age[19] age[20] age[21] age[22] age[23] age[24] age[25] age[26] age[27] age[28] age[29] age[30] age[31] age[32] age[33] age[34] age[35]
All immature 317115 280064 246900 216989 189028 163017 136594 107613 75137 43167.7 19724.9 7531.53 2609.91 869.672 286.385 94.1118 30.9368 10.1746 3.34729 1.10137 0 0 0 0 0 0 0 0 0 0 0 0 0 0 0
All mature 0 0 0 0 1397.24 3215.36 7189.16 15113.4 28158.1 43167.7 52634 53627.3 49588.3 44092.1 38744.1 33974.4 29801.2 26153.4 22959.1 20157.8 17699.9 15541.7 13646.9 11983.2 10522.3 9239.61 8113.26 7124.21 6255.74 5493.14 4823.5 4235.49 3719.16 3265.78 23523.9
*end

[state-2]
report.type: partition
year: 2004
time_step: step_two
row column category age[1] age[2] age[3] age[4] age[5] age[6] age[7] age[8] age[9] age[10] age[11] age[12] age[13] age[14] age[15] age[16] age[17] age[18] age[19] age[20] age[21] age[22] age[23] age[24] age[25] age[26] age[27] age[28] age[29] age[30] age[31] age[32] age[33] age[34] age[35]
1 1 immature 0 297158 262439 231362 203333 177132 152758 127998 100841 70408.5 40451.1 18483.6 7057.55 2445.66 814.942 268.362 88.1891 28.9898 9.53432 3.13663 1.03205 0 0 0 0 0 0 0 0 0 0 0 0 0 0
1 1 mature 0 0 0 0 0 1309.31 3013.01 6736.73 14162.3 26386 40451.1 49321.6 50252.4 46467.5 41317.2 36305.9 31836.3 27925.7 24507.5 21514.2 18889.2 16586 14563.6 12788 11229 9860.14 8658.14 7602.67 6675.87 5862.05 5147.44 4519.94 3968.94 3485.11 25103.7
*end

[SSRUs]
report.type: layer_derived_view
year: 2005
time_step: step_one
area category age[1] age[2] age[3] age[4] age[5] age[6] age[7] age[8] age[9] age[10] age[11] age[12] age[13] age[14] age[15] age[16] age[17] age[18] age[19] age[20] age[21] age[22] age[23] age[24] age[25] age[26] age[27] age[28] age[29] age[30] age[31] age[32] age[33] age[34] age[35]
All immature 314061 278346 245685 216292 188077 161841 134747 104699 71575.7 40124.6 17917.8 6714.26 2293.41 755.708 246.726 80.6071 26.4095 8.67155 2.85072 0.937689 0 0 0 0 0 0 0 0 0 0 0 0 0 0 0
All mature 0 0 0 0 1390.2 3192.15 7091.94 14704.1 26823.4 40124.6 47812 47808 43574.7 38314.1 33378.8 29099.2 25440.1 22289.8 19553.1 17162.1 15067.6 13229.6 11616.4 10200.2 8956.66 7864.79 6906.03 6064.15 5324.9 4675.77 4105.77 3605.26 3165.76 2779.84 20023.6
*end

[state-2]
report.type: partition
year: 2005
time_step: step_two
row column category age[1] age[2] age[3] age[4] age[5] age[6] age[7] age[8] age[9] age[10] age[11] age[12] age[13] age[14] age[15] age[16] age[17] age[18] age[19] age[20] age[21] age[22] age[23] age[24] age[25] age[26] age[27] age[28] age[29] age[30] age[31] age[32] age[33] age[34] age[35]
1 1 immature 0 294296 260829 230223 202681 176240 151656 126267 98109.7 67071.2 37599.5 16790.2 6291.72 2149.08 708.149 231.199 75.5343 24.7475 8.12583 2.67132 0.878678 0 0 0 0 0 0 0 0 0 0 0 0 0 0
1 1 mature 0 0 0 0 0 1302.72 2991.26 6645.63 13778.7 25135.4 37599.5 44803.1 44799.3 40832.5 35902.9 31278.2 27267.9 23839.1 20887.1 18322.6 16082.1 14119.3 12397 10885.4 9558.24 8393 7369.84 6471.41 5682.51 4989.79 4381.51 3847.38 3378.37 2966.53 21368.3
*end

[SSRUs]
report.type: layer_derived_view
year: 2006
time_step: step_one
area category age[1] age[2] age[3] age[4] age[5] age[6] age[7] age[8] age[9] age[10] age[11] age[12] age[13] age[14] age[15] age[16] age[17] age[18] age[19] age[20] age[21] age[22] age[23] age[24] age[25] age[26] age[27] age[28] age[29] age[30] age[31] age[32] age[33] age[34] age[35]
All immature 308976 275657 244158 215185 187384 160847 133447 102785 69080.3 37804.5 16440.2 6014.43 2015.21 654.406 211.258 68.4264 22.2879 7.29391 2.39392 0.786859 0 0 0 0 0 0 0 0 0 0 0 0 0 0 0
All mature 0 0 0 0 1385.08 3172.56 7023.55 14435.3 25888.3 37804.5 43868.9 42824.9 38289 33178.1 28580.5 24701.9 21469.8 18748.6 16419.9 14401.5 12640 11096.7 9743.08 8555.04 7512.03 6596.24 5792.11 5086.02 4466.01 3921.58 3443.53 3023.74 2655.14 2331.46 16793.8
*end

[state-2]
report.type: partition
year: 2006
time_step: step_two
row column category age[1] age[2] age[3] age[4] age[5] age[6] age[7] age[8] age[9] age[10] age[11] age[12] age[13] age[14] age[15] age[16] age[17] age[18] age[19] age[20] age[21] age[22] age[23] age[24] age[25] age[26] age[27] age[28] age[29] age[30] age[31] age[32] age[33] age[34] age[35]
1 1 immature 0 289531 258309 228792 201643 175591 150725 125049 96316.4 64732.9 35425.4 15405.5 5635.93 1888.39 613.222 197.963 64.1202 20.8853 6.83488 2.24326 0.73734 0 0 0 0 0 0 0 0 0 0 0 0 0 0
1 1 mature 0 0 0 0 0 1297.92 2972.9 6581.54 13526.9 24259.1 35425.4 41108.2 40129.9 35879.3 31090.1 26781.9 23147.4 20118.6 17568.7 15386.5 13495.2 11844.5 10398.3 9129.93 8016.65 7039.28 6181.12 5427.6 4765.95 4184.96 3674.79 3226.82 2833.45 2488.04 17921.7
*end

[SSRUs]
report.type: layer_derived_view
year: 2007
time_step: step_one
area category age[1] age[2] age[3] age[4] age[5] age[6] age[7] age[8] age[9] age[10] age[11] age[12] age[13] age[14] age[15] age[16] age[17] age[18] age[19] age[20] age[21] age[22] age[23] age[24] age[25] age[26] age[27] age[28] age[29] age[30] age[31] age[32] age[33] age[34] age[35]
All immature 303045 271175 241759 213762 186246 159895 131971 100796 66711.9 35670 15080.7 5361.19 1752.01 557.857 177.447 56.8267 18.35 5.97008 1.95291 0.640854 0 0 0 0 0 0 0 0 0 0 0 0 0 0 0
All mature 0 0 0 0 1376.67 3153.77 6945.82 14156 25000.7 35670 40241.3 38173.7 33288.1 28283.1 24006.2 20514.4 17676.4 15345.8 13395 11729.3 10287.1 9028.27 7925.95 6959.12 6110.54 5365.56 4711.45 4137.09 3632.75 3189.9 2801.04 2459.58 2159.75 1896.46 13660.5
*end

[state-2]
report.type: partition
year: 2007
time_step: step_two
row column category age[1] age[2] age[3] age[4] age[5] age[6] age[7] age[8] age[9] age[10] age[11] age[12] age[13] age[14] age[15] age[16] age[17] age[18] age[19] age[20] age[21] age[22] age[23] age[24] age[25] age[26] age[27] age[28] age[29] age[30] age[31] age[32] age[33] age[34] age[35]
1 1 immature 0 283974 254109 226544 200310 174525 149833 123665 94452.8 62513.6 33425.2 14131.6 5023.8 1641.75 522.749 166.279 53.2505 17.1952 5.59437 1.83001 0.600524 0 0 0 0 0 0 0 0 0 0 0 0 0 0
1 1 mature 0 0 0 0 0 1290.03 2955.3 6508.7 13265.2 23427.3 33425.2 37708.8 35771.3 31193.2 26503.2 22495.4 19223.4 16564 14380.1 12552 10991.1 9639.68 8460.09 7427.15 6521.16 5725.99 5027.89 4414.94 3876.73 3404.14 2989.16 2624.76 2304.79 2023.83 14577.9
*end

[CAA-1998]
report.type: observation
observation.label: CAA-year-1998
observation.year: 1998
observation.time_step: step_one
observation.min_age: 1
observation.max_age: 35
observation.age_plus_group: true
area category age observed expected residual errorvalue processerror totalerror score
All immature+mature 1 0 0.00037434 -0.00037434 343 25 23.3016 0
All immature+mature 2 0 0.000822058 -0.000822058 343 25 23.3016 0
All immature+mature 3 0 0.00171723 -0.00171723 343 25 23.3016 0
All immature+mature 4 0 0.00358456 -0.00358456 343 25 23.3016 0
All immature+mature 5 0 0.00754106 -0.00754106 343 25 23.3016 0
All immature+mature 6 0 0.0154471 -0.0154471 343 25 23.3016 0
All immature+mature 7 0.0416667 0.0295138 0.0121529 343 25 23.3016 3.40836
All immature+mature 8 0 0.0496717 -0.0496717 343 25 23.3016 0
All immature+mature 9 0 0.069723 -0.069723 343 25 23.3016 0
All immature+mature 10 0.0833333 0.081068 0.00226528 343 25 23.3016 5.51883
All immature+mature 11 0.0833333 0.0820484 0.00128487 343 25 23.3016 5.49549
All immature+mature 12 0.0833333 0.0768222 0.00651107 343 25 23.3016 5.62329
All immature+mature 13 0.0833333 0.0693236 0.0140097 343 25 23.3016 5.82273
All immature+mature 14 0.125 0.0615638 0.0634362 343 25 23.3016 9.80289
All immature+mature 15 0.125 0.0543115 0.0706885 343 25 23.3016 10.168
All immature+mature 16 0.0416667 0.0477873 -0.00612062 343 25 23.3016 2.94048
All immature+mature 17 0.0416667 0.0420054 -0.000338746 343 25 23.3016 3.06569
All immature+mature 18 0 0.0369119 -0.0369119 343 25 23.3016 0
All immature+mature 19 0 0.0324352 -0.0324352 343 25 23.3016 0
All immature+mature 20 0.0416667 0.0285041 0.0131626 343 25 23.3016 3.44216
All immature+mature 21 0.0416667 0.0250532 0.0166135 343 25 23.3016 3.56745
All immature+mature 22 0.0833333 0.022025 0.0613083 343 25 23.3016 8.04921
All immature+mature 23 0.0416667 0.0193698 0.0222969 343 25 23.3016 3.81725
All immature+mature 24 0 0.0170464 -0.0170464 343 25 23.3016 0
All immature+mature 25 0.0416667 0.015023 0.0266437 343 25 23.3016 4.06398
All immature+mature 26 0 0.0132782 -0.0132782 343 25 23.3016 0
All immature+mature 27 0 0.0117996 -0.0117996 343 25 23.3016 0
All immature+mature 28 0 0.0105815 -0.0105815 343 25 23.3016 0
All immature+mature 29 0 0.00961616 -0.00961616 343 25 23.3016 0
All immature+mature 30 0 0.00888202 -0.00888202 343 25 23.3016 0
All immature+mature 31 0 0.00833205 -0.00833205 343 25 23.3016 0
All immature+mature 32 0 0.00788847 -0.00788847 343 25 23.3016 0
All immature+mature 33 0.0416667 0.00745126 0.0342154 343 25 23.3016 4.74478
All immature+mature 34 0 0.00692135 -0.00692135 343 25 23.3016 0
All immature+mature 35 0 0.0255555 -0.0255555 343 25 23.3016 0
*end

[CAA-1999]
report.type: observation
observation.label: CAA-year-1999
observation.year: 1999
observation.time_step: step_one
observation.min_age: 1
observation.max_age: 35
observation.age_plus_group: true
area category age observed expected residual errorvalue processerror totalerror score
All immature+mature 1 0 0.000379115 -0.000379115 564 25 23.9389 0
All immature+mature 2 0 0.000832654 -0.000832654 564 25 23.9389 0
All immature+mature 3 0 0.00173925 -0.00173925 564 25 23.9389 0
All immature+mature 4 0 0.00362996 -0.00362996 564 25 23.9389 0
All immature+mature 5 0 0.00763364 -0.00763364 564 25 23.9389 0
All immature+mature 6 0.0416667 0.0156234 0.0260433 564 25 23.9389 4.14732
All immature+mature 7 0.0416667 0.0298022 0.0118645 564 25 23.9389 3.50315
All immature+mature 8 0.0833333 0.0500333 0.0333 564 25 23.9389 6.66333
All immature+mature 9 0.0416667 0.0700285 -0.0283618 564 25 23.9389 2.65101
All immature+mature 10 0 0.0812123 -0.0812123 564 25 23.9389 0
All immature+mature 11 0.0833333 0.0820405 0.00129283 564 25 23.9389 5.6768
All immature+mature 12 0 0.076727 -0.076727 564 25 23.9389 0
All immature+mature 13 0.125 0.069195 0.055805 564 25 23.9389 9.77425
All immature+mature 14 0 0.0614306 -0.0614306 564 25 23.9389 0
All immature+mature 15 0 0.0541861 -0.0541861 564 25 23.9389 0
All immature+mature 16 0.0833333 0.0476737 0.0356596 564 25 23.9389 6.7597
All immature+mature 17 0 0.0419043 -0.0419043 564 25 23.9389 0
All immature+mature 18 0.0416667 0.0368225 0.00484424 564 25 23.9389 3.29217
All immature+mature 19 0.0833333 0.0323564 0.0509769 564 25 23.9389 7.53286
All immature+mature 20 0.0833333 0.0284347 0.0548986 564 25 23.9389 7.7906
All immature+mature 21 0 0.0249923 -0.0249923 564 25 23.9389 0
All immature+mature 22 0.0833333 0.0219714 0.0613619 564 25 23.9389 8.30503
All immature+mature 23 0.0833333 0.0193226 0.0640107 564 25 23.9389 8.56131
All immature+mature 24 0 0.0170048 -0.0170048 564 25 23.9389 0
All immature+mature 25 0 0.0149865 -0.0149865 564 25 23.9389 0
All immature+mature 26 0 0.0132458 -0.0132458 564 25 23.9389 0
All immature+mature 27 0 0.0117709 -0.0117709 564 25 23.9389 0
All immature+mature 28 0.0416667 0.0105558 0.0311109 564 25 23.9389 4.53842
All immature+mature 29 0 0.00959273 -0.00959273 564 25 23.9389 0
All immature+mature 30 0 0.00886039 -0.00886039 564 25 23.9389 0
All immature+mature 31 0 0.00831176 -0.00831176 564 25 23.9389 0
All immature+mature 32 0.0416667 0.00786926 0.0337974 564 25 23.9389 4.83138
All immature+mature 33 0 0.00743311 -0.00743311 564 25 23.9389 0
All immature+mature 34 0 0.00690449 -0.00690449 564 25 23.9389 0
All immature+mature 35 0.0416667 0.0254933 0.0161734 564 25 23.9389 3.65892
*end

[CAA-2000]
report.type: observation
observation.label: CAA-year-2000
observation.year: 2000
observation.time_step: step_one
observation.min_age: 1
observation.max_age: 35
observation.age_plus_group: true
area category age observed expected residual errorvalue processerror totalerror score
All immature+mature 1 0 0.000388149 -0.000388149 651 25 24.0754 0
All immature+mature 2 0 0.000853385 -0.000853385 651 25 24.0754 0
All immature+mature 3 0 0.00178265 -0.00178265 651 25 24.0754 0
All immature+mature 4 0 0.00371966 -0.00371966 651 25 24.0754 0
All immature+mature 5 0 0.00781783 -0.00781783 651 25 24.0754 0
All immature+mature 6 0.04 0.0159797 0.0240203 651 25 24.0754 3.96827
All immature+mature 7 0 0.0304031 -0.0304031 651 25 24.0754 0
All immature+mature 8 0.08 0.0508284 0.0291716 651 25 24.0754 6.36422
All immature+mature 9 0.2 0.0707614 0.129239 651 25 24.0754 17.2276
All immature+mature 10 0.04 0.0816222 -0.0416222 651 25 24.0754 2.3978
All immature+mature 11 0.08 0.0820967 -0.00209669 651 25 24.0754 5.4408
All immature+mature 12 0.08 0.0765541 0.00344589 651 25 24.0754 5.57543
All immature+mature 13 0.08 0.0689197 0.0110803 651 25 24.0754 5.77777
All immature+mature 14 0.08 0.06113 0.01887 651 25 24.0754 6.00878
All immature+mature 15 0.12 0.0538964 0.0661036 651 25 24.0754 10.0922
All immature+mature 16 0 0.0474084 -0.0474084 651 25 24.0754 0
All immature+mature 17 0 0.0416669 -0.0416669 651 25 24.0754 0
All immature+mature 18 0.04 0.0366121 0.00338787 651 25 24.0754 3.16987
All immature+mature 19 0.08 0.0321709 0.0478291 651 25 24.0754 7.24518
All immature+mature 20 0 0.0282714 -0.0282714 651 25 24.0754 0
All immature+mature 21 0 0.0248486 -0.0248486 651 25 24.0754 0
All immature+mature 22 0 0.0218451 -0.0218451 651 25 24.0754 0
All immature+mature 23 0 0.0192115 -0.0192115 651 25 24.0754 0
All immature+mature 24 0 0.016907 -0.016907 651 25 24.0754 0
All immature+mature 25 0 0.0149003 -0.0149003 651 25 24.0754 0
All immature+mature 26 0 0.0131696 -0.0131696 651 25 24.0754 0
All immature+mature 27 0 0.0117032 -0.0117032 651 25 24.0754 0
All immature+mature 28 0 0.0104951 -0.0104951 651 25 24.0754 0
All immature+mature 29 0 0.00953756 -0.00953756 651 25 24.0754 0
All immature+mature 30 0.08 0.00880942 0.0711906 651 25 24.0754 9.73986
All immature+mature 31 0 0.00826395 -0.00826395 651 25 24.0754 0
All immature+mature 32 0 0.007824 -0.007824 651 25 24.0754 0
All immature+mature 33 0 0.00739036 -0.00739036 651 25 24.0754 0
All immature+mature 34 0 0.00686478 -0.00686478 651 25 24.0754 0
All immature+mature 35 0 0.0253467 -0.0253467 651 25 24.0754 0
*end

[CAA-2001]
report.type: observation
observation.label: CAA-year-2001
observation.year: 2001
observation.time_step: step_one
observation.min_age: 1
observation.max_age: 35
observation.age_plus_group: true
area category age observed expected residual errorvalue processerror totalerror score
All immature+mature 1 0 0.000394792 -0.000394792 840 25 24.2775 0
All immature+mature 2 0 0.00086911 -0.00086911 840 25 24.2775 0
All immature+mature 3 0 0.00181735 -0.00181735 840 25 24.2775 0
All immature+mature 4 0 0.00379239 -0.00379239 840 25 24.2775 0
All immature+mature 5 0 0.00796963 -0.00796963 840 25 24.2775 0
All immature+mature 6 0 0.016284 -0.016284 840 25 24.2775 0
All immature+mature 7 0.08 0.030954 0.049046 840 25 24.2775 7.3901
All immature+mature 8 0.08 0.0516481 0.0283519 840 25 24.2775 6.39579
All immature+mature 9 0.08 0.0716586 0.00834138 840 25 24.2775 5.75979
All immature+mature 10 0 0.0822796 -0.0822796 840 25 24.2775 0
All immature+mature 11 0.2 0.0823612 0.117639 840 25 24.2775 16.6653
All immature+mature 12 0.12 0.0764908 0.0435092 840 25 24.2775 9.17279
All immature+mature 13 0 0.0686681 -0.0686681 840 25 24.2775 0
All immature+mature 14 0.04 0.0608024 -0.0208024 840 25 24.2775 2.70725
All immature+mature 15 0.12 0.0535573 0.0664427 840 25 24.2775 10.2111
All immature+mature 16 0.12 0.0470878 0.0729122 840 25 24.2775 10.5862
All immature+mature 17 0.04 0.0413756 -0.00137555 840 25 24.2775 3.08106
All immature+mature 18 0.04 0.0363522 0.00364779 840 25 24.2775 3.20676
All immature+mature 19 0 0.0319409 -0.0319409 840 25 24.2775 0
All immature+mature 20 0 0.0280686 -0.0280686 840 25 24.2775 0
All immature+mature 21 0 0.0246701 -0.0246701 840 25 24.2775 0
All immature+mature 22 0 0.021688 -0.021688 840 25 24.2775 0
All immature+mature 23 0 0.0190733 -0.0190733 840 25 24.2775 0
All immature+mature 24 0 0.0167854 -0.0167854 840 25 24.2775 0
All immature+mature 25 0 0.0147931 -0.0147931 840 25 24.2775 0
All immature+mature 26 0.04 0.0130749 0.0269251 840 25 24.2775 4.19976
All immature+mature 27 0 0.011619 -0.011619 840 25 24.2775 0
All immature+mature 28 0 0.0104196 -0.0104196 840 25 24.2775 0
All immature+mature 29 0 0.00946895 -0.00946895 840 25 24.2775 0
All immature+mature 30 0 0.00874605 -0.00874605 840 25 24.2775 0
All immature+mature 31 0 0.0082045 -0.0082045 840 25 24.2775 0
All immature+mature 32 0 0.00776772 -0.00776772 840 25 24.2775 0
All immature+mature 33 0 0.00733719 -0.00733719 840 25 24.2775 0
All immature+mature 34 0 0.00681539 -0.00681539 840 25 24.2775 0
All immature+mature 35 0.04 0.0251643 0.0148357 840 25 24.2775 3.56395
*end

[CAA-2002]
report.type: observation
observation.label: CAA-year-2002
observation.year: 2002
observation.time_step: step_one
observation.min_age: 1
observation.max_age: 35
observation.age_plus_group: true
area category age observed expected residual errorvalue processerror totalerror score
All immature+mature 1 0 0.000410078 -0.000410078 598 25 23.9968 0
All immature+mature 2 0 0.000902459 -0.000902459 598 25 23.9968 0
All immature+mature 3 0 0.0018893 -0.0018893 598 25 23.9968 0
All immature+mature 4 0 0.00394503 -0.00394503 598 25 23.9968 0
All immature+mature 5 0 0.00828549 -0.00828549 598 25 23.9968 0
All immature+mature 6 0 0.0169006 -0.0169006 598 25 23.9968 0
All immature+mature 7 0 0.0320179 -0.0320179 598 25 23.9968 0
All immature+mature 8 0.125 0.0531337 0.0718663 598 25 23.9968 10.5949
All immature+mature 9 0.166667 0.0731945 0.0934725 598 25 23.9968 13.6344
All immature+mature 10 0.0833333 0.0833794 -4.61353e-05 598 25 23.9968 5.66094
All immature+mature 11 0.0833333 0.0828221 0.000511246 598 25 23.9968 5.67435
All immature+mature 12 0.0833333 0.0764114 0.00692194 598 25 23.9968 5.83546
All immature+mature 13 0.0416667 0.0682536 -0.0265869 598 25 23.9968 2.68411
All immature+mature 14 0.0416667 0.0602331 -0.0185664 598 25 23.9968 2.8091
All immature+mature 15 0.0833333 0.0529497 0.0303836 598 25 23.9968 6.56894
All immature+mature 16 0.166667 0.0465028 0.120164 598 25 23.9968 15.4486
All immature+mature 17 0 0.0408386 -0.0408386 598 25 23.9968 0
All immature+mature 18 0 0.0358706 -0.0358706 598 25 23.9968 0
All immature+mature 19 0.0416667 0.0315136 0.0101531 598 25 23.9968 3.45682
All immature+mature 20 0 0.0276914 -0.0276914 598 25 23.9968 0
All immature+mature 21 0 0.0243379 -0.0243379 598 25 23.9968 0
All immature+mature 22 0 0.0213957 -0.0213957 598 25 23.9968 0
All immature+mature 23 0 0.0188161 -0.0188161 598 25 23.9968 0
All immature+mature 24 0 0.016559 -0.016559 598 25 23.9968 0
All immature+mature 25 0 0.0145935 -0.0145935 598 25 23.9968 0
All immature+mature 26 0 0.0128985 -0.0128985 598 25 23.9968 0
All immature+mature 27 0 0.0114623 -0.0114623 598 25 23.9968 0
All immature+mature 28 0 0.010279 -0.010279 598 25 23.9968 0
All immature+mature 29 0 0.00934121 -0.00934121 598 25 23.9968 0
All immature+mature 30 0 0.00862807 -0.00862807 598 25 23.9968 0
All immature+mature 31 0.0416667 0.00809382 0.0335729 598 25 23.9968 4.81596
All immature+mature 32 0 0.00766293 -0.00766293 598 25 23.9968 0
All immature+mature 33 0 0.00723822 -0.00723822 598 25 23.9968 0
All immature+mature 34 0 0.00672345 -0.00672345 598 25 23.9968 0
All immature+mature 35 0.0416667 0.0248249 0.0168418 598 25 23.9968 3.69536
*end

[CAA-2003]
report.type: observation
observation.label: CAA-year-2003
observation.year: 2003
observation.time_step: step_one
observation.min_age: 1
observation.max_age: 35
observation.age_plus_group: true
area category age observed expected residual errorvalue processerror totalerror score
All immature+mature 1 0 0.000428842 -0.000428842 456 25 23.7006 0
All immature+mature 2 0 0.000945897 -0.000945897 456 25 23.7006 0
All immature+mature 3 0 0.0019796 -0.0019796 456 25 23.7006 0
All immature+mature 4 0 0.00413741 -0.00413741 456 25 23.7006 0
All immature+mature 5 0.0416667 0.00869093 0.0329758 456 25 23.7006 4.68106
All immature+mature 6 0.0833333 0.0177019 0.0656314 456 25 23.7006 8.63777
All immature+mature 7 0.0416667 0.0334212 0.00824552 456 25 23.7006 3.35095
All immature+mature 8 0.125 0.0551335 0.0698665 456 25 23.7006 10.3305
All immature+mature 9 0 0.0753183 -0.0753183 456 25 23.7006 0
All immature+mature 10 0.0416667 0.0849718 -0.0433051 456 25 23.7006 2.42946
All immature+mature 11 0.0416667 0.0835883 -0.0419216 456 25 23.7006 2.44567
All immature+mature 12 0.125 0.0764469 0.0485531 456 25 23.7006 9.36221
All immature+mature 13 0.0416667 0.0677973 -0.0261306 456 25 23.7006 2.65244
All immature+mature 14 0 0.0595129 -0.0595129 456 25 23.7006 0
All immature+mature 15 0.0833333 0.0521312 0.0312021 456 25 23.7006 6.50453
All immature+mature 16 0.0416667 0.045686 -0.00401927 456 25 23.7006 3.04225
All immature+mature 17 0 0.0400737 -0.0400737 456 25 23.7006 0
All immature+mature 18 0.0416667 0.0351771 0.00648962 456 25 23.7006 3.30038
All immature+mature 19 0 0.0308948 -0.0308948 456 25 23.7006 0
All immature+mature 20 0 0.0271437 -0.0271437 456 25 23.7006 0
All immature+mature 21 0.0416667 0.0238549 0.0178118 456 25 23.7006 3.68395
All immature+mature 22 0.0416667 0.0209703 0.0206964 456 25 23.7006 3.81122
All immature+mature 23 0 0.0184418 -0.0184418 456 25 23.7006 0
All immature+mature 24 0.0416667 0.0162295 0.0254372 456 25 23.7006 4.0643
All immature+mature 25 0 0.014303 -0.014303 456 25 23.7006 0
All immature+mature 26 0 0.0126418 -0.0126418 456 25 23.7006 0
All immature+mature 27 0 0.0112341 -0.0112341 456 25 23.7006 0
All immature+mature 28 0 0.0100744 -0.0100744 456 25 23.7006 0
All immature+mature 29 0 0.00915525 -0.00915525 456 25 23.7006 0
All immature+mature 30 0 0.0084563 -0.0084563 456 25 23.7006 0
All immature+mature 31 0 0.00793269 -0.00793269 456 25 23.7006 0
All immature+mature 32 0 0.00751037 -0.00751037 456 25 23.7006 0
All immature+mature 33 0 0.00709412 -0.00709412 456 25 23.7006 0
All immature+mature 34 0 0.0065896 -0.0065896 456 25 23.7006 0
All immature+mature 35 0.166667 0.0243306 0.142336 456 25 23.7006 17.7819
*end

[CAA-2004]
report.type: observation
observation.label: CAA-year-2004
observation.year: 2004
observation.time_step: step_one
observation.min_age: 1
observation.max_age: 35
observation.age_plus_group: true
area category age observed expected residual errorvalue processerror totalerror score
All immature+mature 1 0 0.000458615 -0.000458615 538 25 23.8899 0
All immature+mature 2 0 0.00101308 -0.00101308 538 25 23.8899 0
All immature+mature 3 0 0.00212445 -0.00212445 538 25 23.8899 0
All immature+mature 4 0 0.00443757 -0.00443757 538 25 23.8899 0
All immature+mature 5 0.0416667 0.00932058 0.0323461 538 25 23.8899 4.65215
All immature+mature 6 0 0.018949 -0.018949 538 25 23.8899 0
All immature+mature 7 0.0833333 0.0355896 0.0477437 538 25 23.8899 7.32549
All immature+mature 8 0.0833333 0.0581737 0.0251596 538 25 23.8899 6.34723
All immature+mature 9 0.0416667 0.0784766 -0.0368099 538 25 23.8899 2.53135
All immature+mature 10 0.166667 0.0872811 0.0793859 538 25 23.8899 12.8602
All immature+mature 11 0 0.0846738 -0.0846738 538 25 23.8899 0
All immature+mature 12 0.0416667 0.076496 -0.0348293 538 25 23.8899 2.55679
All immature+mature 13 0.0833333 0.0671589 0.0161744 538 25 23.8899 6.0613
All immature+mature 14 0.125 0.0584914 0.0665086 538 25 23.8899 10.252
All immature+mature 15 0 0.0509462 -0.0509462 538 25 23.8899 0
All immature+mature 16 0.0833333 0.0444793 0.038854 538 25 23.8899 6.88159
All immature+mature 17 0 0.0389258 -0.0389258 538 25 23.8899 0
All immature+mature 18 0 0.0341255 -0.0341255 538 25 23.8899 0
All immature+mature 19 0 0.0299509 -0.0299509 538 25 23.8899 0
All immature+mature 20 0 0.0263054 -0.0263054 538 25 23.8899 0
All immature+mature 21 0 0.0231142 -0.0231142 538 25 23.8899 0
All immature+mature 22 0 0.0203176 -0.0203176 538 25 23.8899 0
All immature+mature 23 0.0416667 0.0178671 0.0237996 538 25 23.8899 4.0044
All immature+mature 24 0.0416667 0.0157235 0.0259432 538 25 23.8899 4.13162
All immature+mature 25 0 0.013857 -0.013857 538 25 23.8899 0
All immature+mature 26 0.0416667 0.0122474 0.0294193 538 25 23.8899 4.38031
All immature+mature 27 0.0833333 0.0108837 0.0724496 538 25 23.8899 9.68419
All immature+mature 28 0.0416667 0.00976011 0.0319066 538 25 23.8899 4.60628
All immature+mature 29 0 0.00886966 -0.00886966 538 25 23.8899 0
All immature+mature 30 0 0.00819251 -0.00819251 538 25 23.8899 0
All immature+mature 31 0 0.00768523 -0.00768523 538 25 23.8899 0
All immature+mature 32 0 0.00727609 -0.00727609 538 25 23.8899 0
All immature+mature 33 0 0.00687282 -0.00687282 538 25 23.8899 0
All immature+mature 34 0 0.00638404 -0.00638404 538 25 23.8899 0
All immature+mature 35 0 0.0235717 -0.0235717 538 25 23.8899 0
*end

[CAA-2005]
report.type: observation
observation.label: CAA-year-2005
observation.year: 2005
observation.time_step: step_one
observation.min_age: 1
observation.max_age: 35
observation.age_plus_group: true
area category age observed expected residual errorvalue processerror totalerror score
All immature+mature 1 0 0.00050708 -0.00050708 438 25 23.6501 0
All immature+mature 2 0 0.00112412 -0.00112412 438 25 23.6501 0
All immature+mature 3 0 0.00236043 -0.00236043 438 25 23.6501 0
All immature+mature 4 0.0416667 0.00493638 0.0367303 438 25 23.6501 5.2276
All immature+mature 5 0.0416667 0.0103503 0.0313164 438 25 23.6501 4.49801
All immature+mature 6 0 0.0209739 -0.0209739 438 25 23.6501 0
All immature+mature 7 0 0.0390902 -0.0390902 438 25 23.6501 0
All immature+mature 8 0.125 0.0630035 0.0619965 438 25 23.6501 9.90988
All immature+mature 9 0.0416667 0.0833433 -0.0416766 438 25 23.6501 2.44247
All immature+mature 10 0.166667 0.0906697 0.0759973 438 25 23.6501 12.5528
All immature+mature 11 0.0833333 0.0861157 -0.00278236 438 25 23.6501 5.49904
All immature+mature 12 0.0416667 0.0763948 -0.0347281 438 25 23.6501 2.52825
All immature+mature 13 0.0416667 0.0660967 -0.02443 438 25 23.6501 2.67094
All immature+mature 14 0.0833333 0.0569194 0.0264139 438 25 23.6501 6.31507
All immature+mature 15 0.0416667 0.04916 -0.00749331 438 25 23.6501 2.96266
All immature+mature 16 0.0833333 0.042663 0.0406703 438 25 23.6501 6.88328
All immature+mature 17 0.0833333 0.0371881 0.0461452 438 25 23.6501 7.15396
All immature+mature 18 0 0.0325225 -0.0325225 438 25 23.6501 0
All immature+mature 19 0 0.0285043 -0.0285043 438 25 23.6501 0
All immature+mature 20 0 0.0250162 -0.0250162 438 25 23.6501 0
All immature+mature 21 0.0833333 0.0219731 0.0613602 438 25 23.6501 8.19096
All immature+mature 22 0 0.0193109 -0.0193109 438 25 23.6501 0
All immature+mature 23 0 0.0169803 -0.0169803 438 25 23.6501 0
All immature+mature 24 0 0.0149424 -0.0149424 438 25 23.6501 0
All immature+mature 25 0 0.0131683 -0.0131683 438 25 23.6501 0
All immature+mature 26 0 0.0116387 -0.0116387 438 25 23.6501 0
All immature+mature 27 0 0.0103426 -0.0103426 438 25 23.6501 0
All immature+mature 28 0 0.00927491 -0.00927491 438 25 23.6501 0
All immature+mature 29 0 0.00842872 -0.00842872 438 25 23.6501 0
All immature+mature 30 0 0.00778523 -0.00778523 438 25 23.6501 0
All immature+mature 31 0 0.00730317 -0.00730317 438 25 23.6501 0
All immature+mature 32 0.0416667 0.00691437 0.0347523 438 25 23.6501 4.89555
All immature+mature 33 0 0.00653114 -0.00653114 438 25 23.6501 0
All immature+mature 34 0 0.00606666 -0.00606666 438 25 23.6501 0
All immature+mature 35 0 0.0223998 -0.0223998 438 25 23.6501 0
*end

[CAA-2006]
report.type: observation
observation.label: CAA-year-2006
observation.year: 2006
observation.time_step: step_one
observation.min_age: 1
observation.max_age: 35
observation.age_plus_group: true
area category age observed expected residual errorvalue processerror totalerror score
All immature+mature 1 0 0.000555645 -0.000555645 817 25 24.2577 0
All immature+mature 2 0 0.00124009 -0.00124009 817 25 24.2577 0
All immature+mature 3 0 0.00261284 -0.00261284 817 25 24.2577 0
All immature+mature 4 0 0.00547059 -0.00547059 817 25 24.2577 0
All immature+mature 5 0 0.0114775 -0.0114775 817 25 24.2577 0
All immature+mature 6 0 0.023204 -0.023204 817 25 24.2577 0
All immature+mature 7 0 0.0430347 -0.0430347 817 25 24.2577 0
All immature+mature 8 0.04 0.0686756 -0.0286756 817 25 24.2577 2.58657
All immature+mature 9 0.08 0.089364 -0.00936404 817 25 24.2577 5.32571
All immature+mature 10 0.04 0.0951328 -0.0551328 817 25 24.2577 2.27037
All immature+mature 11 0.12 0.0882388 0.0317612 817 25 24.2577 8.74789
All immature+mature 12 0.08 0.0765493 0.00345075 817 25 24.2577 5.62609
All immature+mature 13 0.08 0.0649865 0.0150135 817 25 24.2577 5.94388
All immature+mature 14 0.08 0.0551252 0.0248748 817 25 24.2577 6.26325
All immature+mature 15 0.08 0.047062 0.032938 817 25 24.2577 6.57014
All immature+mature 16 0.08 0.0404916 0.0395084 817 25 24.2577 6.86195
All immature+mature 17 0 0.0350794 -0.0350794 817 25 24.2577 0
All immature+mature 18 0.04 0.0305528 0.00944721 817 25 24.2577 3.37246
All immature+mature 19 0 0.0267097 -0.0267097 817 25 24.2577 0
All immature+mature 20 0.04 0.0234065 0.0165935 817 25 24.2577 3.63099
All immature+mature 21 0.04 0.0205425 0.0194575 817 25 24.2577 3.75763
All immature+mature 22 0 0.0180461 -0.0180461 817 25 24.2577 0
All immature+mature 23 0.04 0.0158648 0.0241352 817 25 24.2577 4.00836
All immature+mature 24 0.08 0.0139593 0.0660407 817 25 24.2577 8.92861
All immature+mature 25 0 0.0123014 -0.0123014 817 25 24.2577 0
All immature+mature 26 0 0.0108722 -0.0108722 817 25 24.2577 0
All immature+mature 27 0 0.00966137 -0.00966137 817 25 24.2577 0
All immature+mature 28 0 0.00866394 -0.00866394 817 25 24.2577 0
All immature+mature 29 0 0.00787346 -0.00787346 817 25 24.2577 0
All immature+mature 30 0.04 0.00727236 0.0327276 817 25 24.2577 4.76522
All immature+mature 31 0 0.00682205 -0.00682205 817 25 24.2577 0
All immature+mature 32 0 0.00645886 -0.00645886 817 25 24.2577 0
All immature+mature 33 0 0.00610088 -0.00610088 817 25 24.2577 0
All immature+mature 34 0 0.005667 -0.005667 817 25 24.2577 0
All immature+mature 35 0.04 0.0209241 0.0190759 817 25 24.2577 3.73977
*end

[CAA-2007]
report.type: observation
observation.label: CAA-year-2007
observation.year: 2007
observation.time_step: step_one
observation.min_age: 1
observation.max_age: 35
observation.age_plus_group: true
area category age observed expected residual errorvalue processerror totalerror score
All immature+mature 1 0 0.000611492 -0.000611492 915 25 24.3351 0
All immature+mature 2 0 0.00136916 -0.00136916 915 25 24.3351 0
All immature+mature 3 0 0.00290362 -0.00290362 915 25 24.3351 0
All immature+mature 4 0 0.00609694 -0.00609694 915 25 24.3351 0
All immature+mature 5 0.04 0.0127985 0.0272015 915 25 24.3351 4.2315
All immature+mature 6 0 0.0258462 -0.0258462 915 25 24.3351 0
All immature+mature 7 0 0.0476871 -0.0476871 915 25 24.3351 0
All immature+mature 8 0 0.0753703 -0.0753703 915 25 24.3351 0
All immature+mature 9 0.04 0.0965783 -0.0565783 915 25 24.3351 2.26422
All immature+mature 10 0.12 0.100639 0.0193609 915 25 24.3351 8.39788
All immature+mature 11 0.12 0.0910131 0.0289869 915 25 24.3351 8.69147
All immature+mature 12 0.16 0.0769305 0.0830695 915 25 24.3351 13.0056
All immature+mature 13 0.04 0.0637808 -0.0237808 915 25 24.3351 2.66809
All immature+mature 14 0.16 0.0530433 0.106957 915 25 24.3351 14.4533
All immature+mature 15 0.08 0.044584 0.035416 915 25 24.3351 6.69994
All immature+mature 16 0.12 0.0379061 0.0820939 915 25 24.3351 11.2493
All immature+mature 17 0.04 0.0325512 0.0074488 915 25 24.3351 3.32284
All immature+mature 18 0 0.0281732 -0.0281732 915 25 24.3351 0
All immature+mature 19 0 0.0245253 -0.0245253 915 25 24.3351 0
All immature+mature 20 0 0.0214349 -0.0214349 915 25 24.3351 0
All immature+mature 21 0 0.0187826 -0.0187826 915 25 24.3351 0
All immature+mature 22 0 0.0164856 -0.0164856 915 25 24.3351 0
All immature+mature 23 0 0.0144862 -0.0144862 915 25 24.3351 0
All immature+mature 24 0 0.0127433 -0.0127433 915 25 24.3351 0
All immature+mature 25 0 0.0112285 -0.0112285 915 25 24.3351 0
All immature+mature 26 0 0.00992335 -0.00992335 915 25 24.3351 0
All immature+mature 27 0 0.00881797 -0.00881797 915 25 24.3351 0
All immature+mature 28 0 0.0079075 -0.0079075 915 25 24.3351 0
All immature+mature 29 0 0.007186 -0.007186 915 25 24.3351 0
All immature+mature 30 0.04 0.00663736 0.0333626 915 25 24.3351 4.87065
All immature+mature 31 0 0.00622636 -0.00622636 915 25 24.3351 0
All immature+mature 32 0.04 0.00589488 0.0341051 915 25 24.3351 4.98612
All immature+mature 33 0 0.00556816 -0.00556816 915 25 24.3351 0
All immature+mature 34 0 0.00517217 -0.00517217 915 25 24.3351 0
All immature+mature 35 0 0.0190971 -0.0190971 915 25 24.3351 0
*end

[CPUE-1998]
report.type: observation
observation.label: CPUE-1998
observation.year: 1998
observation.time_step: step_one
area observed expected residual errorvalue processerror totalerror score
All 103.012 126.124 -23.1123 0.2 0 0.2 -1.19322
*end

[CPUE-1999]
report.type: observation
observation.label: CPUE-1999
observation.year: 1999
observation.time_step: step_one
area observed expected residual errorvalue processerror totalerror score
All 103.413 124.504 -21.0907 0.2 0 0.2 -1.26801
*end

[CPUE-2000]
report.type: observation
observation.label: CPUE-2000
observation.year: 2000
observation.time_step: step_one
area observed expected residual errorvalue processerror totalerror score
All 153.399 121.433 31.9655 0.2 0 0.2 -0.801419
*end

[CPUE-2001]
report.type: observation
observation.label: CPUE-2001
observation.year: 2001
observation.time_step: step_one
area observed expected residual errorvalue processerror totalerror score
All 194.992 119.079 75.9133 0.2 0 0.2 1.73287
*end

[CPUE-2002]
report.type: observation
observation.label: CPUE-2002
observation.year: 2002
observation.time_step: step_one
area observed expected residual errorvalue processerror totalerror score
All 94.3754 114.361 -19.986 0.2 0 0.2 -1.24005
*end

[CPUE-2003]
report.type: observation
observation.label: CPUE-2003
observation.year: 2003
observation.time_step: step_one
area observed expected residual errorvalue processerror totalerror score
All 104.182 108.833 -4.65079 0.2 0 0.2 -1.61189
*end

[CPUE-2004]
report.type: observation
observation.label: CPUE-2004
observation.year: 2004
observation.time_step: step_one
area observed expected residual errorvalue processerror totalerror score
All 87.5232 101.109 -13.5857 0.2 0 0.2 -1.42109
*end

[CPUE-2005]
report.type: observation
observation.label: CPUE-2005
observation.year: 2005
observation.time_step: step_one
area observed expected residual errorvalue processerror totalerror score
All 98.4496 90.4929 7.95673 0.2 0 0.2 -1.4817
*end

[CPUE-2006]
report.type: observation
observation.label: CPUE-2006
observation.year: 2006
observation.time_step: step_one
area observed expected residual errorvalue processerror totalerror score
All 78.1727 81.1813 -3.00862 0.2 0 0.2 -1.61507
*end

[CPUE-2007]
report.type: observation
observation.label: CPUE-2007
observation.year: 2007
observation.time_step: step_one
area observed expected residual errorvalue processerror totalerror score
All 59.0832 72.2837 -13.2005 0.2 0 0.2 -1.1968
*end

[Maturation-selectivity]
report.type: selectivity
selectivity.label: Maturation
ages: 1 2 3 4 5 6 7 8 9 10 11 12 13 14 15 16 17 18 19 20 21 22 23 24 25 26 27 28 29 30 31 32 33 34 35
values: 0 0 0 0 0.00733746 0.0120938 0.0312622 0.076997 0.17044 0.312622 0.454803 0.548247 0.593982 0.61315 0.620656 0.623517 0.624595 0.625001 0.625153 0.62521 1 1 1 1 1 1 1 1 1 1 1 1 1 1 1
*end

[FishingSel-selectivity]
report.type: selectivity
selectivity.label: FishingSel
ages: 1 2 3 4 5 6 7 8 9 10 11 12 13 14 15 16 17 18 19 20 21 22 23 24 25 26 27 28 29 30 31 32 33 34 35
values: 0.00109474 0.00267358 0.0065146 0.0157865 0.0377532 0.0875667 0.19012 0.364765 0.584128 0.774558 0.893663 0.953611 0.980501 0.991935 0.996687 0.998643 0.999445 0.999773 0.999907 0.999962 0.999984 0.999994 0.999997 0.999999 1 1 1 1 1 1 1 1 1 1 1
*end

[Covariance]
report.type: covariance
parameter: catchability[CPUEq].q process[BHrecruitment].r0 selectivity[FishingSel].a50 selectivity[FishingSel].ato95
Hessian:
1.46609e+10 6.82384 -295489 77731
6.82384 3.35411e-09 -0.000130363 3.3791e-05
-295489 -0.000130363 15.3975 -7.58284
77731 3.3791e-05 -7.58284 8.35216
Covariance:
1.4961e-09 -2.82829 6.40938e-06 3.33788e-06
-2.82829 5.83449e+09 -6405.04 -3098.06
6.40938e-06 -6405.04 0.211802 0.158556
3.33788e-06 -3098.06 0.158556 0.24515
Correlation:
1 -0.957287 0.360056 0.174291
-0.957287 1 -0.182203 -0.0819167
0.360056 -0.182203 1 0.695828
0.174291 -0.0819167 0.695828 1
*end

[Objective_Score]
report.type: objective_function
obs->CAA-year-1998: 26.9697
obs->CAA-year-1999: 33.097
obs->CAA-year-2000: 27.9816
obs->CAA-year-2001: 27.2661
obs->CAA-year-2002: 26.1045
obs->CAA-year-2003: 32.2496
obs->CAA-year-2004: 31.8422
obs->CAA-year-2005: 28.0624
obs->CAA-year-2006: 26.7884
obs->CAA-year-2007: 28.982
obs->CPUE-1998: -1.19322
obs->CPUE-1999: -1.26801
obs->CPUE-2000: -0.801419
obs->CPUE-2001: 1.73287
obs->CPUE-2002: -1.24005
obs->CPUE-2003: -1.61189
obs->CPUE-2004: -1.42109
obs->CPUE-2005: -1.4817
obs->CPUE-2006: -1.61507
obs->CPUE-2007: -1.1968
prior->catchability[CPUEq].q: 0
prior->process[BHrecruitment].r0: 0
prior->selectivity[FishingSel].a50: 0
prior->selectivity[FishingSel].ato95: 0
total_score: 279.247
*end

[estimate-summary]
report.type: estimate_summary
parameter: catchability[CPUEq].q
lower_bound: 1e-10
upper_bound: 0.1
prior: uniform
value: 0.000132488

parameter: process[BHrecruitment].r0
lower_bound: 10000
upper_bound: 1e+07
prior: uniform
value: 344098

parameter: selectivity[FishingSel].a50
lower_bound: 1
upper_bound: 20
prior: uniform
value: 8.62018

parameter: selectivity[FishingSel].ato95
lower_bound: 0.01
upper_bound: 50
prior: uniform
value: 3.29177

*end

[AgeError]
report.type: ageing_error
ageing_error.label: normal
ages: 1 2 3 4 5 6 7 8 9 10 11 12 13 14 15 16 17 18 19 20 21 22 23 24 25 26 27 28 29 30 31 32 33 34 35
1: 1 2.86652e-07 0 0 0 0 0 0 0 0 0 0 0 0 0 0 0 0 0 0 0 0 0 0 0 0 0 0 0 0 0 0 0 0 0
2: 0.00620967 0.987581 0.00620967 3.18634e-14 0 0 0 0 0 0 0 0 0 0 0 0 0 0 0 0 0 0 0 0 0 0 0 0 0 0 0 0 0 0 0
3: 2.86652e-07 0.0477901 0.904419 0.0477901 2.86652e-07 0 0 0 0 0 0 0 0 0 0 0 0 0 0 0 0 0 0 0 0 0 0 0 0 0 0 0 0 0 0
4: 2.05226e-10 8.84171e-05 0.105561 0.7887 0.105561 8.84171e-05 2.05226e-10 0 0 0 0 0 0 0 0 0 0 0 0 0 0 0 0 0 0 0 0 0 0 0 0 0 0 0 0
5: 1.27981e-12 2.8665e-07 0.00134961 0.157305 0.682689 0.157305 0.00134961 2.8665e-07 1.27987e-12 0 0 0 0 0 0 0 0 0 0 0 0 0 0 0 0 0 0 0 0 0 0 0 0 0 0
6: 3.19089e-14 2.71651e-09 1.54516e-05 0.00619421 0.196119 0.595343 0.196119 0.00619421 1.54516e-05 2.71651e-09 3.18634e-14 0 0 0 0 0 0 0 0 0 0 0 0 0 0 0 0 0 0 0 0 0 0 0 0
7: 1.96497e-15 6.44024e-11 2.86587e-07 0.000177233 0.0158848 0.221463 0.524949 0.221463 0.0158848 0.000177233 2.86587e-07 6.44024e-11 1.9984e-15 0 0 0 0 0 0 0 0 0 0 0 0 0 0 0 0 0 0 0 0 0 0
8: 2.23681e-16 3.09927e-12 9.2723e-09 6.06235e-06 0.000882954 0.0295073 0.235589 0.468029 0.235589 0.0295073 0.000882954 6.06235e-06 9.2723e-09 3.0993e-12 2.22045e-16 0 0 0 0 0 0 0 0 0 0 0 0 0 0 0 0 0 0 0 0
9: 3.92987e-17 2.55685e-13 4.94444e-10 2.86157e-07 5.00655e-05 0.00268625 0.0450538 0.241467 0.421485 0.241467 0.0450538 0.00268625 5.00655e-05 2.86157e-07 4.94444e-10 2.55684e-13 0 0 0 0 0 0 0 0 0 0 0 0 0 0 0 0 0 0 0
10: 9.47953e-18 3.18994e-14 4.01281e-11 1.89494e-08 3.37868e-06 0.000229231 0.00597704 0.0605975 0.24173 0.382925 0.24173 0.0605975 0.00597704 0.000229231 3.37868e-06 1.89494e-08 4.01281e-11 3.18634e-14 0 0 0 0 0 0 0 0 0 0 0 0 0 0 0 0 0
11: 2.90153e-18 5.49085e-15 4.6045e-12 1.71539e-09 2.84932e-07 2.11976e-05 0.000710284 0.0107895 0.0748197 0.238377 0.350564 0.238377 0.0748197 0.0107895 0.000710284 2.11976e-05 2.84932e-07 1.71539e-09 4.60454e-12 5.44009e-15 0 0 0 0 0 0 0 0 0 0 0 0 0 0 0
12: 1.06676e-18 1.21875e-15 7.02418e-13 2.04523e-10 3.0155e-08 2.25775e-06 8.61292e-05 0.00168055 0.0168415 0.0870393 0.232811 0.323078 0.232811 0.0870393 0.0168415 0.00168055 8.61292e-05 2.25775e-06 3.0155e-08 2.04523e-10 7.02438e-13 1.22125e-15 0 0 0 0 0 0 0 0 0 0 0 0 0
13: 4.52937e-19 3.31654e-16 1.35553e-13 3.09415e-11 3.95063e-09 2.8267e-07 1.1358e-05 0.000256904 0.00327942 0.0236872 0.0970464 0.22598 0.299478 0.22598 0.0970464 0.0236872 0.00327942 0.000256904 1.1358e-05 2.8267e-07 3.95063e-09 3.09416e-11 1.35558e-13 3.33067e-16 0 0 0 0 0 0 0 0 0 0 0
14: 2.15773e-19 1.065e-16 3.18022e-14 5.74377e-12 6.28111e-10 4.16402e-08 1.67585e-06 4.10079e-05 0.000611121 0.00555582 0.0308631 0.104916 0.218504 0.279015 0.218504 0.104916 0.0308631 0.00555582 0.000611121 4.10079e-05 1.67585e-06 4.16402e-08 6.28111e-10 5.74385e-12 3.17524e-14 1.11022e-16 0 0 0 0 0 0 0 0 0
15: 1.12859e-19 3.91859e-17 8.78689e-15 1.27099e-12 1.1868e-10 7.16015e-09 2.79371e-07 7.05677e-06 0.000115523 0.00122703 0.00846543 0.037975 0.110865 0.210786 0.261117 0.210786 0.110865 0.037975 0.00846543 0.00122703 0.000115523 7.05677e-06 2.79371e-07 7.16015e-09 1.1868e-10 1.27109e-12 8.77076e-15 0 0 0 0 0 0 0 0
16: 6.37471e-20 1.61461e-17 2.78702e-15 3.27139e-13 2.61266e-11 1.42055e-09 5.26187e-08 1.32875e-06 2.28922e-05 0.00026928 0.00216435 0.0118951 0.0447321 0.115166 0.20308 0.245339 0.20308 0.115166 0.0447321 0.0118951 0.00216435 0.00026928 2.28922e-05 1.32875e-06 5.26187e-08 1.42055e-09 2.61265e-11 3.27183e-13 2.77556e-15 0 0 0 0 0 0
17: 3.83865e-20 7.3163e-18 9.94008e-16 9.59448e-14 6.58207e-12 3.21073e-10 1.11417e-08 2.75182e-07 4.83992e-06 6.06509e-05 0.00054181 0.00345217 0.0156958 0.0509457 0.118092 0.195541 0.231332 0.195541 0.118092 0.0509457 0.0156958 0.00345217 0.00054181 6.06509e-05 4.83992e-06 2.75182e-07 1.11417e-08 3.21073e-10 6.58207e-12 9.59233e-14 9.99201e-16 0 0 0 0
18: 2.43936e-20 3.5934e-18 3.91975e-16 3.15133e-14 1.86785e-12 8.16479e-11 2.633e-09 6.26634e-08 1.10103e-06 1.42879e-05 0.00013699 0.000970776 0.00508645 0.0197113 0.0565123 0.119895 0.188263 0.218817 0.188263 0.119895 0.0565123 0.0197113 0.00508645 0.000970776 0.00013699 1.42879e-05 1.10103e-06 6.26634e-08 2.633e-09 8.16479e-11 1.86795e-12 3.14193e-14 4.44089e-16 0 0
19: 1.62265e-20 1.89068e-18 1.6855e-16 1.14243e-14 5.88873e-13 2.30891e-11 6.88803e-10 1.56388e-08 2.703e-07 3.55751e-06 3.56633e-05 0.000272389 0.00158549 0.00703471 0.0237978 0.0613925 0.120795 0.181297 0.207571 0.181297 0.120795 0.0613925 0.0237978 0.00703471 0.00158549 0.000272389 3.56633e-05 3.55751e-06 2.703e-07 1.56388e-08 6.88803e-10 2.3089e-11 5.88973e-13 1.13243e-14 2.22045e-16
20: 1.12246e-20 1.05554e-18 7.81305e-17 4.51543e-15 2.03791e-13 7.18387e-12 1.97834e-10 4.25695e-09 7.15874e-08 9.41034e-07 9.67144e-06 7.77288e-05 0.000488608 0.00240274 0.00924471 0.0278347 0.0655906 0.120978 0.174666 0.197413 0.174666 0.120978 0.0655906 0.0278347 0.00924471 0.00240274 0.000488608 7.77288e-05 9.67144e-06 9.41034e-07 7.15874e-08 4.25695e-09 1.97834e-10 7.18392e-12 2.08389e-13
21: 8.03131e-21 6.20362e-19 3.86703e-17 1.92567e-15 7.66156e-14 2.4358e-12 6.189e-11 1.25694e-09 2.04076e-08 2.64923e-07 2.75017e-06 2.28338e-05 0.000151649 0.000805755 0.00342551 0.0116535 0.0317281 0.0691393 0.120596 0.168378 0.188193 0.168378 0.120596 0.0691393 0.0317281 0.0116535 0.00342551 0.000805755 0.000151649 2.28338e-05 2.75017e-06 2.64923e-07 2.04076e-08 1.25694e-09 6.44044e-11
22: 5.91755e-21 3.81313e-19 2.02728e-17 8.78292e-16 3.101e-14 8.92376e-13 2.09328e-11 4.00302e-10 6.24136e-09 7.93508e-08 8.22725e-07 6.95725e-06 4.79898e-05 0.000270043 0.00123975 0.00464402 0.0141954 0.03541 0.0720872 0.119775 0.162429 0.179788 0.162429 0.119775 0.0720872 0.03541 0.0141954 0.00464402 0.00123975 0.000270043 4.79898e-05 6.95725e-06 8.22725e-07 7.93508e-08 6.66351e-09
23: 4.47338e-21 2.43779e-19 1.1181e-17 4.25189e-16 1.34072e-14 3.50576e-13 7.60245e-12 1.36738e-10 2.03999e-09 2.52469e-08 2.5922e-07 2.20823e-06 1.5609e-05 9.15576e-05 0.000445694 0.00180067 0.00603829 0.0168075 0.0388354 0.0744908 0.118616 0.156807 0.172097 0.156807 0.118616 0.0744908 0.0388354 0.0168075 0.00603829 0.00180067 0.000445694 9.15576e-05 1.5609e-05 2.20823e-06 2.86652e-07
24: 3.45879e-21 1.61353e-19 6.45017e-18 2.17066e-16 6.14989e-15 1.46698e-13 2.94642e-12 4.98317e-11 7.0972e-10 8.51275e-09 8.59968e-08 7.31735e-07 5.24462e-06 3.16657e-05 0.000161067 0.000690222 0.00249208 0.00758134 0.0194339 0.041978 0.0764088 0.117202 0.151499 0.165031 0.151499 0.117202 0.0764088 0.041978 0.0194339 0.00758134 0.00249208 0.000690222 0.000161067 3.16657e-05 6.07162e-06
25: 2.72815e-21 1.10131e-19 3.87295e-18 1.16208e-16 2.97517e-15 6.49969e-14 1.21172e-12 1.92781e-11 2.61758e-10 3.03343e-09 3.00047e-08 2.53331e-07 1.8258e-06 1.12333e-05 5.90023e-05 0.000264581 0.00101297 0.00331129 0.00924226 0.0220269 0.0448263 0.0778986 0.115598 0.146487 0.158519 0.146487 0.115598 0.0778986 0.0448263 0.0220269 0.00924226 0.00331129 0.00101297 0.000264581 7.2348e-05
26: 2.19029e-21 7.72558e-20 2.41017e-18 6.49234e-17 1.51012e-15 3.03314e-14 5.26097e-13 7.88042e-12 1.01944e-10 1.13899e-09 1.09911e-08 9.16112e-08 6.59561e-07 4.10184e-06 2.20362e-05 0.000102269 0.000410031 0.00142026 0.0042502 0.0109889 0.0245479 0.04738 0.0790143 0.113855 0.141755 0.152499 0.141755 0.113855 0.0790143 0.04738 0.0245479 0.0109889 0.0042502 0.00142026 0.000539202
27: 1.78647e-21 5.55376e-20 1.5488e-18 3.76926e-17 8.0054e-16 1.48385e-14 2.40046e-13 3.38928e-12 4.17682e-11 4.49286e-10 4.21847e-09 3.45744e-08 2.47364e-07 1.54495e-06 8.42367e-06 4.00968e-05 0.00016663 0.00060456 0.00191506 0.00529652 0.01279 0.0269672 0.0496464 0.0798055 0.112015 0.137285 0.146916 0.137285 0.112015 0.0798055 0.0496464 0.0269672 0.01279 0.00529652 0.0027366
28: 1.47787e-21 4.08121e-20 1.02447e-18 2.26566e-17 4.41453e-16 7.57845e-15 1.14629e-13 1.5277e-12 1.794e-11 1.85636e-10 1.69265e-09 1.36003e-08 9.62976e-08 6.00873e-07 3.30415e-06 1.60124e-05 6.83881e-05 0.000257421 0.000853995 0.00249701 0.00643501 0.0146166 0.029263 0.0516383 0.0803171 0.110111 0.133059 0.141726 0.133059 0.110111 0.0803171 0.0516383 0.029263 0.0146166 0.0101319
29: 1.23824e-21 3.0591e-20 6.95593e-19 1.40544e-17 2.52333e-16 4.02579e-15 5.70758e-14 7.19096e-13 8.05129e-12 8.01119e-11 7.0842e-10 5.56745e-09 3.88868e-08 2.414e-07 1.3319e-06 6.53146e-06 2.84685e-05 0.000110291 0.000379791 0.00116248 0.00316276 0.00764882 0.0164428 0.0314206 0.0533719 0.0805888 0.108169 0.129062 0.136888 0.129062 0.108169 0.0805888 0.0533719 0.0314206 0.0289436
30: 1.04945e-21 2.33441e-20 4.83615e-19 8.97153e-18 1.49034e-16 2.217e-15 2.95334e-14 3.5232e-13 3.76396e-12 3.60118e-11 3.08563e-10 2.36782e-09 1.6273e-08 1.00163e-07 5.52176e-07 2.72634e-06 1.20566e-05 4.77549e-05 0.00016942 0.000538356 0.00153228 0.0039064 0.00892047 0.0182464 0.0334307 0.0548653 0.0806559 0.106209 0.125279 0.132368 0.125279 0.106209 0.0806559 0.0548653 0.0668072
31: 8.98751e-22 1.81058e-20 3.4356e-19 5.87846e-18 9.06999e-17 1.26194e-15 1.58332e-14 1.79142e-13 1.82783e-12 1.68186e-11 1.39561e-10 1.04439e-09 7.04853e-09 4.29014e-08 2.35499e-07 1.16589e-06 5.20571e-06 2.09635e-05 7.614e-05 0.000249421 0.00073693 0.0019638 0.00472012 0.0102328 0.0200088 0.0352891 0.0561375 0.0805491 0.104247 0.121694 0.128135 0.121694 0.104247 0.0805491 0.129442
32: 7.77003e-22 1.42522e-20 2.4891e-19 3.94486e-18 5.67357e-17 7.40492e-16 8.77061e-15 9.42734e-14 9.19611e-13 8.14105e-12 6.54067e-11 4.76908e-10 3.1559e-09 1.89536e-08 1.03311e-07 5.11084e-07 2.29473e-06 9.35124e-06 3.45867e-05 0.000116107 0.000353764 0.000978328 0.00245568 0.00559473 0.0115693 0.0217151 0.036995 0.0572074 0.0802954 0.102296 0.118294 0.124164 0.118294 0.102296 0.217328
33: 6.7756e-22 1.13712e-20 1.83607e-19 2.70587e-18 3.63972e-17 4.46862e-16 5.00759e-15 5.12199e-14 4.78196e-13 4.07509e-12 3.16982e-11 2.25062e-10 1.45863e-09 8.62917e-09 4.65988e-08 2.29704e-07 1.0336e-06 4.2455e-06 1.59185e-05 5.44852e-05 0.000170238 0.00048556 0.00126427 0.003005 0.00652027 0.0129152 0.0233538 0.0385507 0.0580935 0.079918 0.100366 0.115067 0.120431 0.115067 0.324718
34: 5.95514e-22 9.18527e-21 1.37687e-19 1.89373e-18 2.38988e-17 2.76737e-16 2.94033e-15 2.86659e-14 2.56437e-13 2.10496e-12 1.58547e-11 1.0958e-10 6.9496e-10 4.04438e-09 2.15978e-08 1.05836e-07 4.75918e-07 1.96383e-06 7.43624e-06 2.58394e-05 8.23939e-05 0.000241097 0.000647406 0.00159533 0.00360759 0.00748645 0.0142571 0.0249162 0.0399604 0.0588134 0.0794371 0.0984624 0.112 0.116914 0.441543
35: 5.27193e-22 7.50411e-21 1.04828e-19 1.35013e-18 1.60325e-17 1.75533e-16 1.77194e-15 1.64921e-14 1.41528e-13 1.11983e-12 8.16967e-12 5.49549e-11 3.40847e-10 1.94924e-09 1.02785e-08 4.99747e-08 2.24044e-07 9.26149e-07 3.53016e-06 1.24073e-05 4.02098e-05 0.00012016 0.000331101 0.000841277 0.00197104 0.00425828 0.00848307 0.0155831 0.0263962 0.0412298 0.0593839 0.07887 0.0965923 0.109084 0.556798
*end

[RNDseed]
report.type: random_number_seed
random_number_seed: 0
*end

[SSB]
report.type: derived_quantity
derived_quantity.label: SSB
initialisation.initialisation_phase[1]: 0 0 0 0 4707.97 20816.6 70976.6 211862 552970 1.21525e+06 2.20866e+06 3.41717e+06 4.71518e+06 6.02381e+06 7.30127e+06 8.52557e+06 9.6847e+06 1.07721e+07 1.17847e+07 1.27216e+07 1.35837e+07 1.43733e+07 1.50933e+07 1.57475e+07 1.63398e+07 1.68744e+07 1.73558e+07 1.77881e+07 1.81756e+07 1.85222e+07 1.88317e+07 1.91076e+07 1.93532e+07 1.95716e+07 1.97656e+07 1.99359e+07 2.00854e+07 2.02168e+07 2.03321e+07 2.04333e+07 2.05222e+07 2.06003e+07 2.06689e+07 2.07291e+07 2.07819e+07 2.08284e+07 2.08691e+07 2.09049e+07 2.09363e+07 2.09639e+07 2.09882e+07 2.10094e+07 2.10281e+07 2.10445e+07 2.10589e+07 2.10716e+07 2.10827e+07 2.10924e+07 2.1101e+07 2.11085e+07 2.11151e+07 2.11209e+07 2.1126e+07 2.11305e+07 2.11344e+07 2.11379e+07 2.11409e+07 2.11436e+07 2.11459e+07 2.11479e+07 2.11497e+07 2.11513e+07 2.11527e+07 2.11539e+07 2.1155e+07 2.11559e+07 2.11568e+07 2.11575e+07 2.11581e+07 2.11587e+07 2.11592e+07 2.11596e+07 2.116e+07 2.11603e+07 2.11606e+07 2.11609e+07 2.11611e+07 2.11613e+07 2.11615e+07 2.11616e+07 2.11617e+07 2.11619e+07 2.1162e+07 2.11621e+07 2.11621e+07 2.11622e+07 2.11623e+07 2.11623e+07 2.11624e+07 2.11624e+07 2.11624e+07 2.11625e+07 2.11625e+07 2.11625e+07 2.11625e+07 2.11626e+07 2.11626e+07 2.11626e+07 2.11626e+07 2.11626e+07 2.11626e+07 2.11626e+07 2.11627e+07 2.11627e+07 2.11627e+07 2.11627e+07 2.11627e+07 2.11627e+07 2.11627e+07 2.11627e+07 2.11627e+07 2.11627e+07 2.11627e+07 2.11627e+07 2.11627e+07 2.11627e+07 2.11627e+07 2.11627e+07 2.11627e+07 2.11627e+07 2.11627e+07 2.11627e+07 2.11627e+07 2.11627e+07 2.11627e+07 2.11627e+07 2.11627e+07 2.11627e+07 2.11627e+07 2.11627e+07 2.11627e+07 2.11627e+07 2.11627e+07 2.11627e+07 2.11627e+07 2.11627e+07 2.11627e+07 2.11627e+07 2.11627e+07 2.11627e+07 2.11627e+07 2.11627e+07 2.11627e+07 2.11627e+07 2.11627e+07 2.11627e+07 2.11627e+07 2.11627e+07 2.11627e+07 2.11627e+07 2.11627e+07 2.11627e+07 2.11627e+07 2.11627e+07 2.11627e+07 2.11627e+07 2.11627e+07 2.11627e+07 2.11627e+07 2.11627e+07 2.11627e+07 2.11627e+07 2.11627e+07 2.11627e+07 2.11627e+07
years: 1994 1995 1996 1997 1998 1999 2000 2001 2002 2003 2004 2005 2006 2007
values: 2.11627e+07 2.11627e+07 2.11627e+07 2.11627e+07 2.11229e+07 2.08132e+07 2.02142e+07 1.97242e+07 1.87697e+07 1.76309e+07 1.60534e+07 1.39152e+07 1.19867e+07 1.01358e+07
*end

[Recruitment]
report.type: process
age: 1
b0: Phase1
categories: immature
label: BHrecruitment
proportions: 1.0
r0: 344098
ssb: SSB
ssb_offset: 1
standardise_ycs_years: 1993 1994 1995 1996 1997 1998 1999
steepness: 0.75
type: bh_recruitment
ycs_values: 1 1 1 1 1 1 1 1 1 1 1 1 1 1
b0_value: 2.11627e+07
ycs_years: 1993 1994 1995 1996 1997 1998 1999 2000 2001 2002 2003 2004 2005 2006
ssb_values: 2.11627e+07 2.11627e+07 2.11627e+07 2.11627e+07 2.11627e+07 2.11229e+07 2.08132e+07 2.02142e+07 1.97242e+07 1.87697e+07 1.76309e+07 1.60534e+07 1.39152e+07 1.19867e+07
recruitment_values: 344098 344098 344098 344098 344098 344044 343617 342758 342020 340481 338449 335208 329785 323464
true_ycs_values: 1 1 1 1 1 0.999843 0.998603 0.996105 0.993959 0.989487 0.983581 0.974163 0.958402 0.940033
*end

[Ageing]
report.type: process
categories: immature mature
label: Ageing
type: ageing
*end

[Maturation]
report.type: process
from: immature
label: Maturation
proportions: 1.0
selectivities: Maturation
to: mature
type: category_transition_rate
*end

[agesize]
report.type: age_size
age_size.label: VB
ages: 1 2 3 4 5 6 7 8 9 10 11 12 13 14 15 16 17 18 19 20 21 22 23 24 25 26 27 28 29 30 31 32 33 34 35
sizes: 18.639 31.9982 44.1711 55.2629 65.3697 74.579 82.9704 90.6166 97.5838 103.932 109.717 114.988 119.791 124.167 128.155 131.788 135.099 138.116 140.865 143.37 145.652 147.732 149.627 151.353 152.927 154.36 155.667 156.857 157.942 158.93 159.83 160.651 161.399 162.08 162.701
cv: 0 0 0 0 0 0 0 0 0 0 0 0 0 0 0 0 0 0 0 0 0 0 0 0 0 0 0 0 0 0 0 0 0 0 0
weights: 0.081073 0.402507 1.04691 2.03419 3.3471 4.94748 6.78709 8.8145 10.9795 13.2355 15.5413 17.8611 20.1651 22.4287 24.6325 26.7615 28.8045 30.7538 32.6044 34.3536 36.0006 37.5462 38.9922 40.3416 41.5977 42.7646 43.8466 44.8482 45.7739 46.6284 47.4161 48.1415 48.8089 49.4223 49.9856
*end

[sizeweight]
report.type: size_weight
age_size.label: VB
sizes: 10 20 30 40 50 60 70 80 90 100 110 120 130 140 150 160 170
weights: 13.2355 34.3536 46.6284 52.1742 54.4772 55.404 55.7726 55.9185 55.9761 55.9988 56.0078 56.0113 56.0127 56.0133 56.0135 56.0136 56.0136
*end

[ageweight]
report.type: age_weight
age_size.label: VB
ages: 1 2 3 4 5 6 7 8 9 10 11 12 13 14 15 16 17 18 19 20 21 22 23 24 25 26 27 28 29 30 31 32 33 34 35
weights: 0.081073 0.402507 1.04691 2.03419 3.3471 4.94748 6.78709 8.8145 10.9795 13.2355 15.5413 17.8611 20.1651 22.4287 24.6325 26.7615 28.8045 30.7538 32.6044 34.3536 36.0006 37.5462 38.9922 40.3416 41.5977 42.7646 43.8466 44.8482 45.7739 46.6284 47.4161 48.1415 48.8089 49.4223 49.9856
*end

Completed
